<?xml version="1.0" encoding="UTF-8"?>
<testng-results ignored="0" total="1" passed="1" failed="0" skipped="0">
  <reporter-output>
  </reporter-output>
  <suite started-at="2026-02-16T17:41:15 IST" name="Default suite" finished-at="2026-02-16T17:41:31 IST" duration-ms="16072">
    <groups>
    </groups>
    <test started-at="2026-02-16T17:41:15 IST" name="Default test" finished-at="2026-02-16T17:41:31 IST" duration-ms="16072">
      <class name="Rohit.TestNG1">
        <test-method is-config="true" signature="beforeClass()[pri:0, instance:Rohit.TestNG1@37efd131]" started-at="2026-02-16T17:41:15 IST" name="beforeClass" finished-at="2026-02-16T17:41:15 IST" duration-ms="39" status="PASS">
          <reporter-output>
          </reporter-output>
        </test-method> <!-- beforeClass -->
        <test-method is-config="true" signature="beforeMethod()[pri:0, instance:Rohit.TestNG1@37efd131]" started-at="2026-02-16T17:41:15 IST" name="beforeMethod" finished-at="2026-02-16T17:41:18 IST" duration-ms="3063" status="PASS">
          <reporter-output>
          </reporter-output>
        </test-method> <!-- beforeMethod -->
        <test-method signature="openGoogle()[pri:0, instance:Rohit.TestNG1@37efd131]" started-at="2026-02-16T17:41:18 IST" name="openGoogle" finished-at="2026-02-16T17:41:31 IST" duration-ms="12675" status="PASS">
          <reporter-output>
          </reporter-output>
        </test-method> <!-- openGoogle -->
        <test-method is-config="true" signature="afterMethod()[pri:0, instance:Rohit.TestNG1@37efd131]" started-at="2026-02-16T17:41:31 IST" name="afterMethod" finished-at="2026-02-16T17:41:31 IST" duration-ms="0" status="PASS">
          <reporter-output>
          </reporter-output>
        </test-method> <!-- afterMethod -->
        <test-method is-config="true" signature="afterClass()[pri:0, instance:Rohit.TestNG1@37efd131]" started-at="2026-02-16T17:41:31 IST" name="afterClass" finished-at="2026-02-16T17:41:31 IST" duration-ms="256" status="PASS">
          <reporter-output>
          </reporter-output>
        </test-method> <!-- afterClass -->
      </class> <!-- Rohit.TestNG1 -->
    </test> <!-- Default test -->
  </suite> <!-- Default suite -->
</testng-results>
