<?xml version="1.0" encoding="UTF-8"?>
<!-- Generated by org.testng.reporters.JUnitReportReporter -->
<testsuite hostname="Rohit" failures="0" tests="3" name="ROhit.DataDrivenTesting_Ex1" time="21.421" errors="0" timestamp="2026-02-18T10:21:40 IST" skipped="0">
  <testcase classname="ROhit.DataDrivenTesting_Ex1" name="loginTest" time="8.109"/>
  <testcase classname="ROhit.DataDrivenTesting_Ex1" name="loginTest" time="5.913"/>
  <testcase classname="ROhit.DataDrivenTesting_Ex1" name="loginTest" time="7.399"/>
</testsuite> <!-- ROhit.DataDrivenTesting_Ex1 -->
