<?xml version="1.0" encoding="UTF-8"?>
<!-- Generated by org.testng.reporters.JUnitReportReporter -->
<testsuite hostname="Rohit" failures="0" tests="3" name="DataDrivenTesting.login" time="21.346" errors="0" timestamp="2026-02-18T11:44:05 IST" skipped="0">
  <testcase classname="DataDrivenTesting.login" name="login" time="6.217"/>
  <testcase classname="DataDrivenTesting.login" name="login" time="6.260"/>
  <testcase classname="DataDrivenTesting.login" name="login" time="8.869"/>
</testsuite> <!-- DataDrivenTesting.login -->
